<?xml version="1.0" encoding="UTF-8"?>
<testng-results skipped="0" failed="0" total="4" passed="4">
  <reporter-output>
  </reporter-output>
  <suite name="RegressionSuit" duration-ms="150830" started-at="2017-08-07T18:14:59Z" finished-at="2017-08-07T18:17:30Z">
    <groups>
    </groups>
    <test name="RegressionTest" duration-ms="150830" started-at="2017-08-07T18:14:59Z" finished-at="2017-08-07T18:17:30Z">
      <class name="testcases.VerifyLoginpage">
        <test-method status="PASS" signature="setUP()[pri:0, instance:testcases.VerifyLoginpage@1dfc6e]" name="setUP" is-config="true" duration-ms="33488" started-at="2017-08-07T23:45:21Z" finished-at="2017-08-07T23:45:54Z">
          <reporter-output>
          </reporter-output>
        </test-method> <!-- setUP -->
        <test-method status="PASS" signature="testhomepage()[pri:0, instance:testcases.VerifyLoginpage@1dfc6e]" name="testhomepage" duration-ms="12630" started-at="2017-08-07T23:45:54Z" finished-at="2017-08-07T23:46:07Z">
          <reporter-output>
          </reporter-output>
        </test-method> <!-- testhomepage -->
        <test-method status="PASS" signature="teardown()[pri:0, instance:testcases.VerifyLoginpage@1dfc6e]" name="teardown" is-config="true" duration-ms="4678" started-at="2017-08-07T23:46:07Z" finished-at="2017-08-07T23:46:12Z">
          <reporter-output>
          </reporter-output>
        </test-method> <!-- teardown -->
      </class> <!-- testcases.VerifyLoginpage -->
      <class name="testcases.VerifyLoginpageReportswithScreenshot">
        <test-method status="PASS" signature="setUP()[pri:0, instance:testcases.VerifyLoginpageReportswithScreenshot@17a99]" name="setUP" is-config="true" duration-ms="16536" started-at="2017-08-07T23:46:54Z" finished-at="2017-08-07T23:47:11Z">
          <reporter-output>
          </reporter-output>
        </test-method> <!-- setUP -->
        <test-method status="PASS" signature="testhomepage()[pri:0, instance:testcases.VerifyLoginpageReportswithScreenshot@17a99]" name="testhomepage" duration-ms="17133" started-at="2017-08-07T23:47:11Z" finished-at="2017-08-07T23:47:28Z">
          <reporter-output>
          </reporter-output>
        </test-method> <!-- testhomepage -->
        <test-method status="PASS" signature="teardown(org.testng.ITestResult)[pri:0, instance:testcases.VerifyLoginpageReportswithScreenshot@17a99]" name="teardown" is-config="true" duration-ms="2105" started-at="2017-08-07T23:47:28Z" finished-at="2017-08-07T23:47:30Z">
          <params>
            <param index="0">
              <value>
                <![CDATA[[TestResult name=testhomepage status=SUCCESS method=VerifyLoginpageReportswithScreenshot.testhomepage()[pri:0, instance:testcases.VerifyLoginpageReportswithScreenshot@17a99] output={null}]]]>
              </value>
            </param>
          </params>
          <reporter-output>
          </reporter-output>
        </test-method> <!-- teardown -->
      </class> <!-- testcases.VerifyLoginpageReportswithScreenshot -->
      <class name="testcases.VerifyHomepage">
        <test-method status="PASS" signature="setUP()[pri:0, instance:testcases.VerifyHomepage@18a2d7d]" name="setUP" is-config="true" duration-ms="19491" started-at="2017-08-07T23:44:59Z" finished-at="2017-08-07T23:45:19Z">
          <reporter-output>
          </reporter-output>
        </test-method> <!-- setUP -->
        <test-method status="PASS" signature="testhomepage()[pri:0, instance:testcases.VerifyHomepage@18a2d7d]" name="testhomepage" duration-ms="55" started-at="2017-08-07T23:45:19Z" finished-at="2017-08-07T23:45:19Z">
          <reporter-output>
          </reporter-output>
        </test-method> <!-- testhomepage -->
        <test-method status="PASS" signature="teardown()[pri:0, instance:testcases.VerifyHomepage@18a2d7d]" name="teardown" is-config="true" duration-ms="2150" started-at="2017-08-07T23:45:19Z" finished-at="2017-08-07T23:45:21Z">
          <reporter-output>
          </reporter-output>
        </test-method> <!-- teardown -->
      </class> <!-- testcases.VerifyHomepage -->
      <class name="testcases.VerifyLoginpageReports">
        <test-method status="PASS" signature="setUP()[pri:0, instance:testcases.VerifyLoginpageReports@117e440]" name="setUP" is-config="true" duration-ms="25517" started-at="2017-08-07T23:46:12Z" finished-at="2017-08-07T23:46:37Z">
          <reporter-output>
          </reporter-output>
        </test-method> <!-- setUP -->
        <test-method status="PASS" signature="testhomepage()[pri:0, instance:testcases.VerifyLoginpageReports@117e440]" name="testhomepage" duration-ms="12113" started-at="2017-08-07T23:46:37Z" finished-at="2017-08-07T23:46:49Z">
          <reporter-output>
          </reporter-output>
        </test-method> <!-- testhomepage -->
        <test-method status="PASS" signature="teardown()[pri:0, instance:testcases.VerifyLoginpageReports@117e440]" name="teardown" is-config="true" duration-ms="4898" started-at="2017-08-07T23:46:49Z" finished-at="2017-08-07T23:46:54Z">
          <reporter-output>
          </reporter-output>
        </test-method> <!-- teardown -->
      </class> <!-- testcases.VerifyLoginpageReports -->
    </test> <!-- RegressionTest -->
  </suite> <!-- RegressionSuit -->
</testng-results>
